<?xml version="1.0" encoding="UTF-8"?>
<!-- Generated by org.testng.reporters.JUnitReportReporter -->
<testsuite name="test.TestParameter" tests="2" time="0.011" ignored="1" failures="0" timestamp="04 May 2020 11:55:38 GMT" skipped="0" hostname="KeshavSingh-108262.local" errors="0">
  <testcase name="getParameter" time="0.002" classname="test.TestParameter"/>
  <testcase name="getParameter" time="0.009" classname="test.TestParameter"/>
  <testcase name="testEnum" classname="test.TestEnum">
    <skipped/>
  </testcase> <!-- testEnum -->
</testsuite> <!-- test.TestParameter -->
