<?xml version="1.0" encoding="UTF-8"?>
<!-- Generated by org.testng.reporters.JUnitReportReporter -->
<testsuite name="test.TestEnum" tests="1" time="0.001" ignored="0" failures="0" timestamp="04 May 2020 11:37:49 GMT" skipped="0" hostname="KeshavSingh-108262.local" errors="0">
  <testcase name="testEnum" time="0.001" classname="test.TestEnum"/>
</testsuite> <!-- test.TestEnum -->
