<?xml version="1.0" encoding="UTF-8"?>
<!-- Generated by org.testng.reporters.JUnitReportReporter -->
<testsuite name="LearnValueAnnotation" tests="1" time="0.007" ignored="0" failures="0" timestamp="04 May 2020 08:07:11 GMT" skipped="0" hostname="KeshavSingh-108262.local" errors="0">
  <testcase name="testValueAnnotation" time="0.007" classname="LearnValueAnnotation"/>
</testsuite> <!-- LearnValueAnnotation -->
